-VECTOR ERASE POS TEST-

./tmp/outfile_vec_10.cpp:37:41: error: no member named 'erase' in 'ft::vector<int>'
                ft::vector<int>::iterator res_ft = v2.erase(its);
                                                   ~~ ^
./tmp/outfile_vec_10.cpp:66:6: error: no member named 'erase' in 'ft::vector<int>'
                v2.erase(v2.begin());
                ~~ ^
2 errors generated.
